<?xml version="1.0" encoding="UTF-8" ?>
<testsuite tests="6" failures="1" name="api.Reqres.RegresTest" time="9.683" errors="0" skipped="0">
  <properties>
[...]
</properties>
  <testcase classname="api.Reqres.RegresTest" name="sortedYearsTest" time="7.73"/>
  <testcase classname="api.Reqres.RegresTest" name="TimeTest" time="0.686">
    <failure message="expected:&lt;2023-01-05T16:42:1[5.3742] &gt; but was:&lt;2023-01-05T16:42:1[] &gt;" type="org.junit.ComparisonFailure">org.junit.ComparisonFailure: expected:&lt;2023-01-05T16:42:1[5.3742] &gt; but was:&lt;2023-01-05T16:42:1[] &gt;
	at org.junit.Assert.assertEquals(Assert.java:117)
	at org.junit.Assert.assertEquals(Assert.java:146)
	at api.Reqres.RegresTest.TimeTest(RegresTest.java:154)
	at java.base/jdk.internal.reflect.NativeMethodAccessorImpl.invoke0(Native Method)
	at java.base/jdk.internal.reflect.NativeMethodAccessorImpl.invoke(NativeMethodAccessorImpl.java:62)
	at java.base/jdk.internal.reflect.DelegatingMethodAccessorImpl.invoke(DelegatingMethodAccessorImpl.java:43)
	at java.base/java.lang.reflect.Method.invoke(Method.java:566)
	at org.junit.runners.model.FrameworkMethod$1.runReflectiveCall(FrameworkMethod.java:59)
	at org.junit.internal.runners.model.ReflectiveCallable.run(ReflectiveCallable.java:12)
	at org.junit.runners.model.FrameworkMethod.invokeExplosively(FrameworkMethod.java:56)
	at org.junit.internal.runners.statements.InvokeMethod.evaluate(InvokeMethod.java:17)
	at org.junit.runners.ParentRunner$3.evaluate(ParentRunner.java:306)
	at org.junit.runners.BlockJUnit4ClassRunner$1.evaluate(BlockJUnit4ClassRunner.java:100)
	at org.junit.runners.ParentRunner.runLeaf(ParentRunner.java:366)
	at org.junit.runners.BlockJUnit4ClassRunner.runChild(BlockJUnit4ClassRunner.java:103)
	at org.junit.runners.BlockJUnit4ClassRunner.runChild(BlockJUnit4ClassRunner.java:63)
	at org.junit.runners.ParentRunner$4.run(ParentRunner.java:331)
	at org.junit.runners.ParentRunner$1.schedule(ParentRunner.java:79)
	at org.junit.runners.ParentRunner.runChildren(ParentRunner.java:329)
	at org.junit.runners.ParentRunner.access$100(ParentRunner.java:66)
	at org.junit.runners.ParentRunner$2.evaluate(ParentRunner.java:293)
	at org.junit.runners.ParentRunner$3.evaluate(ParentRunner.java:306)
	at org.junit.runners.ParentRunner.run(ParentRunner.java:413)
	at org.apache.maven.surefire.junit4.JUnit4Provider.execute(JUnit4Provider.java:252)
	at org.apache.maven.surefire.junit4.JUnit4Provider.executeTestSet(JUnit4Provider.java:141)
	at org.apache.maven.surefire.junit4.JUnit4Provider.invoke(JUnit4Provider.java:112)
	at java.base/jdk.internal.reflect.NativeMethodAccessorImpl.invoke0(Native Method)
	at java.base/jdk.internal.reflect.NativeMethodAccessorImpl.invoke(NativeMethodAccessorImpl.java:62)
	at java.base/jdk.internal.reflect.DelegatingMethodAccessorImpl.invoke(DelegatingMethodAccessorImpl.java:43)
	at java.base/java.lang.reflect.Method.invoke(Method.java:566)
	at org.apache.maven.surefire.util.ReflectionUtils.invokeMethodWithArray(ReflectionUtils.java:189)
	at org.apache.maven.surefire.booter.ProviderFactory$ProviderProxy.invoke(ProviderFactory.java:165)
	at org.apache.maven.surefire.booter.ProviderFactory.invokeProvider(ProviderFactory.java:85)
	at org.apache.maven.surefire.booter.ForkedBooter.runSuitesInProcess(ForkedBooter.java:115)
	at org.apache.maven.surefire.booter.ForkedBooter.main(ForkedBooter.java:75)
</failure>
    <system-out>HTTP/1.1 200 OK
Date: Thu, 05 Jan 2023 16:42:11 GMT
Content-Type: application/json; charset=utf-8
Transfer-Encoding: chunked
Connection: keep-alive
X-Powered-By: Express
Access-Control-Allow-Origin: *
Etag: W/&quot;50-kAgiILYBVXBPb/fN/TG5AmId2iI&quot;
Via: 1.1 vegur
CF-Cache-Status: DYNAMIC
Report-To: {&quot;endpoints&quot;:[{&quot;url&quot;:&quot;https:\/\/a.nel.cloudflare.com\/report\/v3?s=2%2Bnoxg%2FqDEOnMnSEuYfyQTr%2Bdr4H0WQDbVeeeVt4w1tLysdN2ot%2BMSv1tuqCRBzjveG%2BrpVXeyFsZdjt2GtrNdvJaKiM1%2Fv07qqSvl958SpXBikwbESXbesM1w%3D%3D&quot;}],&quot;group&quot;:&quot;cf-nel&quot;,&quot;max_age&quot;:604800}
NEL: {&quot;success_fraction&quot;:0,&quot;report_to&quot;:&quot;cf-nel&quot;,&quot;max_age&quot;:604800}
Vary: Accept-Encoding
Server: cloudflare
CF-RAY: 784daa6e8c9516f0-DME
Content-Encoding: gzip

{
    &quot;name&quot;: &quot;morpheus&quot;,
    &quot;job&quot;: &quot;zion resident&quot;,
    &quot;updatedAt&quot;: &quot;2023-01-05T16:42:11.712Z&quot;
}
</system-out>
  </testcase>
  <testcase classname="api.Reqres.RegresTest" name="checkAvatarAndIdTest" time="0.211"/>
  <testcase classname="api.Reqres.RegresTest" name="unSuccessRegTest" time="0.34"/>
  <testcase classname="api.Reqres.RegresTest" name="successRegTest" time="0.417"/>
  <testcase classname="api.Reqres.RegresTest" name="deleteUserTest" time="0.299"/>
</testsuite>